Flow report for DE10_NANO_ADC
Tue Jun 10 20:54:42 2025
Quartus Prime Version 18.1.0 Build 625 09/12/2018 SJ Lite Edition


---------------------
; Table of Contents ;
---------------------
  1. Legal Notice
  2. Flow Summary
  3. Flow Settings
  4. Flow Non-Default Global Settings
  5. Flow Elapsed Time
  6. Flow OS Summary
  7. Flow Log
  8. Flow Messages
  9. Flow Suppressed Messages



----------------
; Legal Notice ;
----------------
Copyright (C) 2018  Intel Corporation. All rights reserved.
Your use of Intel Corporation's design tools, logic functions 
and other software and tools, and its AMPP partner logic 
functions, and any output files from any of the foregoing 
(including device programming or simulation files), and any 
associated documentation or information are expressly subject 
to the terms and conditions of the Intel Program License 
Subscription Agreement, the Intel Quartus Prime License Agreement,
the Intel FPGA IP License Agreement, or other applicable license
agreement, including, without limitation, that your use is for
the sole purpose of programming logic devices manufactured by
Intel and sold by Intel or its authorized distributors.  Please
refer to the applicable agreement for further details.



+----------------------------------------------------------------------------------------+
; Flow Summary                                                                           ;
+---------------------------------+------------------------------------------------------+
; Flow Status                     ; EDA Netlist Writer Failed - Tue Jun 10 20:54:42 2025 ;
; Quartus Prime Version           ; 18.1.0 Build 625 09/12/2018 SJ Lite Edition          ;
; Revision Name                   ; DE10_NANO_ADC                                        ;
; Top-level Entity Name           ; DE10_NANO_ADC                                        ;
; Family                          ; Cyclone V                                            ;
; Device                          ; 5CSEBA6U23I7                                         ;
; Timing Models                   ; Final                                                ;
; Logic utilization (in ALMs)     ; 6,882 / 41,910 ( 16 % )                              ;
; Total registers                 ; 11459                                                ;
; Total pins                      ; 75 / 314 ( 24 % )                                    ;
; Total virtual pins              ; 0                                                    ;
; Total block memory bits         ; 1,371,439 / 5,662,720 ( 24 % )                       ;
; Total DSP Blocks                ; 5 / 112 ( 4 % )                                      ;
; Total HSSI RX PCSs              ; 0                                                    ;
; Total HSSI PMA RX Deserializers ; 0                                                    ;
; Total HSSI TX PCSs              ; 0                                                    ;
; Total HSSI PMA TX Serializers   ; 0                                                    ;
; Total PLLs                      ; 1 / 6 ( 17 % )                                       ;
; Total DLLs                      ; 0 / 4 ( 0 % )                                        ;
+---------------------------------+------------------------------------------------------+


+-----------------------------------------+
; Flow Settings                           ;
+-------------------+---------------------+
; Option            ; Setting             ;
+-------------------+---------------------+
; Start date & time ; 06/10/2025 20:48:45 ;
; Main task         ; Compilation         ;
; Revision Name     ; DE10_NANO_ADC       ;
+-------------------+---------------------+


+----------------------------------------------------------------------------------------------------------------------------------------------------------+
; Flow Non-Default Global Settings                                                                                                                         ;
+-------------------------------------+------------------------------------------------------------------+---------------+----------------+----------------+
; Assignment Name                     ; Value                                                            ; Default Value ; Entity Name    ; Section Id     ;
+-------------------------------------+------------------------------------------------------------------+---------------+----------------+----------------+
; COMPILER_SIGNATURE_ID               ; 224391400900550.174958492508088                                  ; --            ; --             ; --             ;
; EDA_OUTPUT_DATA_FORMAT              ; Verilog Hdl                                                      ; --            ; --             ; eda_simulation ;
; EDA_SIMULATION_TOOL                 ; ModelSim-Altera (Verilog)                                        ; <None>        ; --             ; --             ;
; MAX_CORE_JUNCTION_TEMP              ; 85                                                               ; --            ; --             ; --             ;
; MIN_CORE_JUNCTION_TEMP              ; 0                                                                ; --            ; --             ; --             ;
; MISC_FILE                           ; DE10_NANO_QSYS/synthesis/../DE10_NANO_QSYS.cmp                   ; --            ; --             ; --             ;
; MISC_FILE                           ; DE10_NANO_QSYS/synthesis/../../DE10_NANO_QSYS.qsys               ; --            ; --             ; --             ;
; MISC_FILE                           ; mod_divide_inst.v                                                ; --            ; --             ; --             ;
; MISC_FILE                           ; mod_divide_bb.v                                                  ; --            ; --             ; --             ;
; MISC_FILE                           ; anti_diff_div_inst.v                                             ; --            ; --             ; --             ;
; MISC_FILE                           ; anti_diff_div_bb.v                                               ; --            ; --             ; --             ;
; MISC_FILE                           ; avg_div_inst.v                                                   ; --            ; --             ; --             ;
; MISC_FILE                           ; avg_div_bb.v                                                     ; --            ; --             ; --             ;
; PARTITION_COLOR                     ; -- (Not supported for targeted family)                           ; --            ; --             ; Top            ;
; PARTITION_FITTER_PRESERVATION_LEVEL ; -- (Not supported for targeted family)                           ; --            ; --             ; Top            ;
; PARTITION_NETLIST_TYPE              ; -- (Not supported for targeted family)                           ; --            ; --             ; Top            ;
; POWER_BOARD_THERMAL_MODEL           ; None (CONSERVATIVE)                                              ; --            ; --             ; --             ;
; POWER_PRESET_COOLING_SOLUTION       ; 23 MM HEAT SINK WITH 200 LFPM AIRFLOW                            ; --            ; --             ; --             ;
; SLD_FILE                            ; DE10_NANO_QSYS/synthesis/DE10_NANO_QSYS.regmap                   ; --            ; --             ; --             ;
; SLD_FILE                            ; DE10_NANO_QSYS/synthesis/DE10_NANO_QSYS.debuginfo                ; --            ; --             ; --             ;
; SLD_INFO                            ; QSYS_NAME DE10_NANO_QSYS HAS_SOPCINFO 1 GENERATION_ID 1749582316 ; --            ; DE10_NANO_QSYS ; --             ;
; SOPCINFO_FILE                       ; DE10_NANO_QSYS/synthesis/../../DE10_NANO_QSYS.sopcinfo           ; --            ; --             ; --             ;
; SYNTHESIS_ONLY_QIP                  ; On                                                               ; --            ; --             ; --             ;
+-------------------------------------+------------------------------------------------------------------+---------------+----------------+----------------+


+--------------------------------------------------------------------------------------------------------------------------+
; Flow Elapsed Time                                                                                                        ;
+----------------------+--------------+-------------------------+---------------------+------------------------------------+
; Module Name          ; Elapsed Time ; Average Processors Used ; Peak Virtual Memory ; Total CPU Time (on all processors) ;
+----------------------+--------------+-------------------------+---------------------+------------------------------------+
; Analysis & Synthesis ; 00:01:28     ; 1.3                     ; 5365 MB             ; 00:01:41                           ;
; Fitter               ; 00:03:15     ; 1.4                     ; 6919 MB             ; 00:07:44                           ;
; Assembler            ; 00:00:18     ; 1.0                     ; 5008 MB             ; 00:00:13                           ;
; Timing Analyzer      ; 00:00:35     ; 2.7                     ; 5595 MB             ; 00:01:23                           ;
; EDA Netlist Writer   ; 00:00:04     ; 1.0                     ; 4922 MB             ; 00:00:04                           ;
; Total                ; 00:05:40     ; --                      ; --                  ; 00:11:05                           ;
+----------------------+--------------+-------------------------+---------------------+------------------------------------+


+------------------------------------------------------------------------------------+
; Flow OS Summary                                                                    ;
+----------------------+------------------+------------+------------+----------------+
; Module Name          ; Machine Hostname ; OS Name    ; OS Version ; Processor type ;
+----------------------+------------------+------------+------------+----------------+
; Analysis & Synthesis ; RT               ; Windows 10 ; 10.0       ; x86_64         ;
; Fitter               ; RT               ; Windows 10 ; 10.0       ; x86_64         ;
; Assembler            ; RT               ; Windows 10 ; 10.0       ; x86_64         ;
; Timing Analyzer      ; RT               ; Windows 10 ; 10.0       ; x86_64         ;
; EDA Netlist Writer   ; RT               ; Windows 10 ; 10.0       ; x86_64         ;
+----------------------+------------------+------------+------------+----------------+


------------
; Flow Log ;
------------
quartus_map --read_settings_files=on --write_settings_files=off DE10_NANO_ADC -c DE10_NANO_ADC
quartus_fit --read_settings_files=off --write_settings_files=off DE10_NANO_ADC -c DE10_NANO_ADC
quartus_asm --read_settings_files=off --write_settings_files=off DE10_NANO_ADC -c DE10_NANO_ADC
quartus_sta DE10_NANO_ADC -c DE10_NANO_ADC
quartus_eda --read_settings_files=off --write_settings_files=off DE10_NANO_ADC -c DE10_NANO_ADC



