16:39:13 **** Incremental Build of configuration Nios II for project streaming_reconstruct ****
make all 
Info: Building ../streaming_reconstruct_bsp/
D:/quartus18.1/nios2eds/bin/gnu/H-x86_64-mingw32/bin/make --no-print-directory -C ../streaming_reconstruct_bsp/
[BSP build complete]
[streaming_reconstruct build complete]
16:39:16 **** Incremental Build of configuration Nios II for project streaming_reconstruct ****
make all 
Info: Building ../streaming_reconstruct_bsp/
D:/quartus18.1/nios2eds/bin/gnu/H-x86_64-mingw32/bin/make --no-print-directory -C ../streaming_reconstruct_bsp/
[BSP build complete]
[streaming_reconstruct build complete]
16:43:02 **** Incremental Build of configuration Nios II for project streaming_reconstruct ****
make all 
Info: Building ../streaming_reconstruct_bsp/
D:/quartus18.1/nios2eds/bin/gnu/H-x86_64-mingw32/bin/make --no-print-directory -C ../streaming_reconstruct_bsp/
[BSP build complete]
[streaming_reconstruct build complete]
16:45:58 **** Incremental Build of configuration Nios II for project streaming_reconstruct ****
make all 
Info: Building ../streaming_reconstruct_bsp/
D:/quartus18.1/nios2eds/bin/gnu/H-x86_64-mingw32/bin/make --no-print-directory -C ../streaming_reconstruct_bsp/
[BSP build complete]
[streaming_reconstruct build complete]
16:46:11 **** Incremental Build of configuration Nios II for project streaming_reconstruct ****
make all 
Info: Building ../streaming_reconstruct_bsp/
D:/quartus18.1/nios2eds/bin/gnu/H-x86_64-mingw32/bin/make --no-print-directory -C ../streaming_reconstruct_bsp/
[BSP build complete]
[streaming_reconstruct build complete]
16:50:01 **** Incremental Build of configuration Nios II for project streaming_reconstruct ****
make all 
Info: Building ../streaming_reconstruct_bsp/
D:/quartus18.1/nios2eds/bin/gnu/H-x86_64-mingw32/bin/make --no-print-directory -C ../streaming_reconstruct_bsp/
[BSP build complete]
Info: Compiling main.c to obj/default/main.o
nios2-elf-gcc -xc -MP -MMD -c -I../streaming_reconstruct_bsp//HAL/inc -I../streaming_reconstruct_bsp/ -I../streaming_reconstruct_bsp//drivers/inc  -pipe -D__hal__ -DALT_NO_INSTRUCTION_EMULATION -DALT_SINGLE_THREADED    -O0 -g -Wall   -mno-hw-div -mhw-mul -mno-hw-mulx -mgpopt=global  -o obj/default/main.o main.c
main.c: In function 'send_to_PCF':
main.c:486:16: warning: format '%d' expects argument of type 'int', but argument 2 has type 'ALT_AVALON_I2C_STATUS_CODE {aka long unsigned int}' [-Wformat=]
         printf("Error: I2C write to DAC failed with status code: %d\n", status);
                ^
main.c:486:16: warning: format '%d' expects argument of type 'int', but argument 2 has type 'ALT_AVALON_I2C_STATUS_CODE {aka long unsigned int}' [-Wformat=]
main.c: At top level:
main.c:539:6: warning: return type of 'main' is not 'int' [-Wmain]
 void main(void){
      ^
main.c: In function 'main':
main.c:572:20: warning: unused variable 'reconstructed_val' [-Wunused-variable]
  float signal_val, reconstructed_val=0;
                    ^
main.c:572:8: warning: unused variable 'signal_val' [-Wunused-variable]
  float signal_val, reconstructed_val=0;
        ^
main.c:570:20: warning: unused variable 'nIndex' [-Wunused-variable]
  int i, ADC_value, nIndex=0;
                    ^
main.c:542:6: warning: unused variable 'sample_written' [-Wunused-variable]
  int sample_written=0;
      ^
Info: Linking streaming_reconstruct.elf
nios2-elf-g++  -T'../streaming_reconstruct_bsp//linker.x' -msys-crt0='../streaming_reconstruct_bsp//obj/HAL/src/crt0.o' -msys-lib=hal_bsp -L../streaming_reconstruct_bsp/   -Wl,-Map=streaming_reconstruct.map   -O0 -g -Wall   -mno-hw-div -mhw-mul -mno-hw-mulx -mgpopt=global  -o streaming_reconstruct.elf obj/default/main.o -lm -msys-lib=m
nios2-elf-insert streaming_reconstruct.elf --thread_model hal --cpu_name nios2_qsys --qsys true --simulation_enabled false --id 0 --sidp 0x81078 --timestamp 1749582316 --stderr_dev jtag_uart --stdin_dev jtag_uart --stdout_dev jtag_uart --sopc_system_name DE10_NANO_QSYS --quartus_project_dir "D:/year4/fyp/ADC" --jdi D:/year4/fyp/ADC/software/streaming_reconstruct_bsp/../../DE10_NANO_ADC.jdi --sopcinfo D:/year4/fyp/ADC/software/streaming_reconstruct_bsp/../../DE10_NANO_QSYS.sopcinfo
Info: (streaming_reconstruct.elf) 95 KBytes program size (code + initialized data).
Info:                             53 KBytes free for stack + heap.
Info: Creating streaming_reconstruct.objdump
nios2-elf-objdump --disassemble --syms --all-header --source streaming_reconstruct.elf >streaming_reconstruct.objdump
[streaming_reconstruct build complete]
16:55:15 **** Incremental Build of configuration Nios II for project streaming_reconstruct ****
make all 
Info: Building ../streaming_reconstruct_bsp/
D:/quartus18.1/nios2eds/bin/gnu/H-x86_64-mingw32/bin/make --no-print-directory -C ../streaming_reconstruct_bsp/
[BSP build complete]
Info: Compiling main.c to obj/default/main.o
nios2-elf-gcc -xc -MP -MMD -c -I../streaming_reconstruct_bsp//HAL/inc -I../streaming_reconstruct_bsp/ -I../streaming_reconstruct_bsp//drivers/inc  -pipe -D__hal__ -DALT_NO_INSTRUCTION_EMULATION -DALT_SINGLE_THREADED    -O0 -g -Wall   -mno-hw-div -mhw-mul -mno-hw-mulx -mgpopt=global  -o obj/default/main.o main.c
main.c: In function 'send_to_PCF':
main.c:486:16: warning: format '%d' expects argument of type 'int', but argument 2 has type 'ALT_AVALON_I2C_STATUS_CODE {aka long unsigned int}' [-Wformat=]
         printf("Error: I2C write to DAC failed with status code: %d\n", status);
                ^
main.c:486:16: warning: format '%d' expects argument of type 'int', but argument 2 has type 'ALT_AVALON_I2C_STATUS_CODE {aka long unsigned int}' [-Wformat=]
main.c: At top level:
main.c:539:6: warning: return type of 'main' is not 'int' [-Wmain]
 void main(void){
      ^
main.c: In function 'main':
main.c:572:20: warning: unused variable 'reconstructed_val' [-Wunused-variable]
  float signal_val, reconstructed_val=0;
                    ^
main.c:572:8: warning: unused variable 'signal_val' [-Wunused-variable]
  float signal_val, reconstructed_val=0;
        ^
main.c:570:20: warning: unused variable 'nIndex' [-Wunused-variable]
  int i, ADC_value, nIndex=0;
                    ^
Info: Linking streaming_reconstruct.elf
nios2-elf-g++  -T'../streaming_reconstruct_bsp//linker.x' -msys-crt0='../streaming_reconstruct_bsp//obj/HAL/src/crt0.o' -msys-lib=hal_bsp -L../streaming_reconstruct_bsp/   -Wl,-Map=streaming_reconstruct.map   -O0 -g -Wall   -mno-hw-div -mhw-mul -mno-hw-mulx -mgpopt=global  -o streaming_reconstruct.elf obj/default/main.o -lm -msys-lib=m
nios2-elf-insert streaming_reconstruct.elf --thread_model hal --cpu_name nios2_qsys --qsys true --simulation_enabled false --id 0 --sidp 0x81078 --timestamp 1749582316 --stderr_dev jtag_uart --stdin_dev jtag_uart --stdout_dev jtag_uart --sopc_system_name DE10_NANO_QSYS --quartus_project_dir "D:/year4/fyp/ADC" --jdi D:/year4/fyp/ADC/software/streaming_reconstruct_bsp/../../DE10_NANO_ADC.jdi --sopcinfo D:/year4/fyp/ADC/software/streaming_reconstruct_bsp/../../DE10_NANO_QSYS.sopcinfo
Info: (streaming_reconstruct.elf) 98 KBytes program size (code + initialized data).
Info:                             51 KBytes free for stack + heap.
Info: Creating streaming_reconstruct.objdump
nios2-elf-objdump --disassemble --syms --all-header --source streaming_reconstruct.elf >streaming_reconstruct.objdump
[streaming_reconstruct build complete]
16:57:20 **** Incremental Build of configuration Nios II for project streaming_reconstruct ****
make all 
Info: Building ../streaming_reconstruct_bsp/
D:/quartus18.1/nios2eds/bin/gnu/H-x86_64-mingw32/bin/make --no-print-directory -C ../streaming_reconstruct_bsp/
[BSP build complete]
[streaming_reconstruct build complete]
16:58:01 **** Incremental Build of configuration Nios II for project streaming_reconstruct ****
make all 
Info: Building ../streaming_reconstruct_bsp/
D:/quartus18.1/nios2eds/bin/gnu/H-x86_64-mingw32/bin/make --no-print-directory -C ../streaming_reconstruct_bsp/
[BSP build complete]
Info: Compiling main.c to obj/default/main.o
nios2-elf-gcc -xc -MP -MMD -c -I../streaming_reconstruct_bsp//HAL/inc -I../streaming_reconstruct_bsp/ -I../streaming_reconstruct_bsp//drivers/inc  -pipe -D__hal__ -DALT_NO_INSTRUCTION_EMULATION -DALT_SINGLE_THREADED    -O0 -g -Wall   -mno-hw-div -mhw-mul -mno-hw-mulx -mgpopt=global  -o obj/default/main.o main.c
main.c: In function 'send_to_PCF':
main.c:486:16: warning: format '%d' expects argument of type 'int', but argument 2 has type 'ALT_AVALON_I2C_STATUS_CODE {aka long unsigned int}' [-Wformat=]
         printf("Error: I2C write to DAC failed with status code: %d\n", status);
                ^
main.c:486:16: warning: format '%d' expects argument of type 'int', but argument 2 has type 'ALT_AVALON_I2C_STATUS_CODE {aka long unsigned int}' [-Wformat=]
main.c: At top level:
main.c:539:6: warning: return type of 'main' is not 'int' [-Wmain]
 void main(void){
      ^
main.c: In function 'main':
main.c:572:20: warning: unused variable 'reconstructed_val' [-Wunused-variable]
  float signal_val, reconstructed_val=0;
                    ^
main.c:572:8: warning: unused variable 'signal_val' [-Wunused-variable]
  float signal_val, reconstructed_val=0;
        ^
main.c:570:20: warning: unused variable 'nIndex' [-Wunused-variable]
  int i, ADC_value, nIndex=0;
                    ^
Info: Linking streaming_reconstruct.elf
nios2-elf-g++  -T'../streaming_reconstruct_bsp//linker.x' -msys-crt0='../streaming_reconstruct_bsp//obj/HAL/src/crt0.o' -msys-lib=hal_bsp -L../streaming_reconstruct_bsp/   -Wl,-Map=streaming_reconstruct.map   -O0 -g -Wall   -mno-hw-div -mhw-mul -mno-hw-mulx -mgpopt=global  -o streaming_reconstruct.elf obj/default/main.o -lm -msys-lib=m
nios2-elf-insert streaming_reconstruct.elf --thread_model hal --cpu_name nios2_qsys --qsys true --simulation_enabled false --id 0 --sidp 0x81078 --timestamp 1749582316 --stderr_dev jtag_uart --stdin_dev jtag_uart --stdout_dev jtag_uart --sopc_system_name DE10_NANO_QSYS --quartus_project_dir "D:/year4/fyp/ADC" --jdi D:/year4/fyp/ADC/software/streaming_reconstruct_bsp/../../DE10_NANO_ADC.jdi --sopcinfo D:/year4/fyp/ADC/software/streaming_reconstruct_bsp/../../DE10_NANO_QSYS.sopcinfo
Info: (streaming_reconstruct.elf) 98 KBytes program size (code + initialized data).
Info:                             51 KBytes free for stack + heap.
Info: Creating streaming_reconstruct.objdump
nios2-elf-objdump --disassemble --syms --all-header --source streaming_reconstruct.elf >streaming_reconstruct.objdump
[streaming_reconstruct build complete]
17:12:55 **** Incremental Build of configuration Nios II for project streaming_reconstruct ****
make all 
Info: Building ../streaming_reconstruct_bsp/
D:/quartus18.1/nios2eds/bin/gnu/H-x86_64-mingw32/bin/make --no-print-directory -C ../streaming_reconstruct_bsp/
[BSP build complete]
Info: Compiling main.c to obj/default/main.o
nios2-elf-gcc -xc -MP -MMD -c -I../streaming_reconstruct_bsp//HAL/inc -I../streaming_reconstruct_bsp/ -I../streaming_reconstruct_bsp//drivers/inc  -pipe -D__hal__ -DALT_NO_INSTRUCTION_EMULATION -DALT_SINGLE_THREADED    -O0 -g -Wall   -mno-hw-div -mhw-mul -mno-hw-mulx -mgpopt=global  -o obj/default/main.o main.c
main.c: In function 'send_to_PCF':
main.c:486:16: warning: format '%d' expects argument of type 'int', but argument 2 has type 'ALT_AVALON_I2C_STATUS_CODE {aka long unsigned int}' [-Wformat=]
         printf("Error: I2C write to DAC failed with status code: %d\n", status);
                ^
main.c:486:16: warning: format '%d' expects argument of type 'int', but argument 2 has type 'ALT_AVALON_I2C_STATUS_CODE {aka long unsigned int}' [-Wformat=]
main.c: At top level:
main.c:539:6: warning: return type of 'main' is not 'int' [-Wmain]
 void main(void){
      ^
main.c: In function 'main':
main.c:572:20: warning: unused variable 'reconstructed_val' [-Wunused-variable]
  float signal_val, reconstructed_val=0;
                    ^
main.c:572:8: warning: unused variable 'signal_val' [-Wunused-variable]
  float signal_val, reconstructed_val=0;
        ^
main.c:570:20: warning: unused variable 'nIndex' [-Wunused-variable]
  int i, ADC_value, nIndex=0;
                    ^
main.c:542:6: warning: unused variable 'sample_written' [-Wunused-variable]
  int sample_written=0;
      ^
main.c:541:6: warning: unused variable 'sample_max' [-Wunused-variable]
  int sample_max=10000;
      ^
Info: Linking streaming_reconstruct.elf
nios2-elf-g++  -T'../streaming_reconstruct_bsp//linker.x' -msys-crt0='../streaming_reconstruct_bsp//obj/HAL/src/crt0.o' -msys-lib=hal_bsp -L../streaming_reconstruct_bsp/   -Wl,-Map=streaming_reconstruct.map   -O0 -g -Wall   -mno-hw-div -mhw-mul -mno-hw-mulx -mgpopt=global  -o streaming_reconstruct.elf obj/default/main.o -lm -msys-lib=m
nios2-elf-insert streaming_reconstruct.elf --thread_model hal --cpu_name nios2_qsys --qsys true --simulation_enabled false --id 0 --sidp 0x81078 --timestamp 1749582316 --stderr_dev jtag_uart --stdin_dev jtag_uart --stdout_dev jtag_uart --sopc_system_name DE10_NANO_QSYS --quartus_project_dir "D:/year4/fyp/ADC" --jdi D:/year4/fyp/ADC/software/streaming_reconstruct_bsp/../../DE10_NANO_ADC.jdi --sopcinfo D:/year4/fyp/ADC/software/streaming_reconstruct_bsp/../../DE10_NANO_QSYS.sopcinfo
Info: (streaming_reconstruct.elf) 98 KBytes program size (code + initialized data).
Info:                             51 KBytes free for stack + heap.
Info: Creating streaming_reconstruct.objdump
nios2-elf-objdump --disassemble --syms --all-header --source streaming_reconstruct.elf >streaming_reconstruct.objdump
[streaming_reconstruct build complete]
17:13:21 **** Incremental Build of configuration Nios II for project streaming_reconstruct ****
make all 
Info: Building ../streaming_reconstruct_bsp/
D:/quartus18.1/nios2eds/bin/gnu/H-x86_64-mingw32/bin/make --no-print-directory -C ../streaming_reconstruct_bsp/
[BSP build complete]
Info: Compiling main.c to obj/default/main.o
nios2-elf-gcc -xc -MP -MMD -c -I../streaming_reconstruct_bsp//HAL/inc -I../streaming_reconstruct_bsp/ -I../streaming_reconstruct_bsp//drivers/inc  -pipe -D__hal__ -DALT_NO_INSTRUCTION_EMULATION -DALT_SINGLE_THREADED    -O0 -g -Wall   -mno-hw-div -mhw-mul -mno-hw-mulx -mgpopt=global  -o obj/default/main.o main.c
main.c: In function 'send_to_PCF':
main.c:486:16: warning: format '%d' expects argument of type 'int', but argument 2 has type 'ALT_AVALON_I2C_STATUS_CODE {aka long unsigned int}' [-Wformat=]
         printf("Error: I2C write to DAC failed with status code: %d\n", status);
                ^
main.c:486:16: warning: format '%d' expects argument of type 'int', but argument 2 has type 'ALT_AVALON_I2C_STATUS_CODE {aka long unsigned int}' [-Wformat=]
main.c: At top level:
main.c:539:6: warning: return type of 'main' is not 'int' [-Wmain]
 void main(void){
      ^
main.c: In function 'main':
main.c:572:20: warning: unused variable 'reconstructed_val' [-Wunused-variable]
  float signal_val, reconstructed_val=0;
                    ^
main.c:572:8: warning: unused variable 'signal_val' [-Wunused-variable]
  float signal_val, reconstructed_val=0;
        ^
main.c:570:20: warning: unused variable 'nIndex' [-Wunused-variable]
  int i, ADC_value, nIndex=0;
                    ^
main.c:542:6: warning: unused variable 'sample_written' [-Wunused-variable]
  int sample_written=0;
      ^
main.c:541:6: warning: unused variable 'sample_max' [-Wunused-variable]
  int sample_max=10000;
      ^
Info: Linking streaming_reconstruct.elf
nios2-elf-g++  -T'../streaming_reconstruct_bsp//linker.x' -msys-crt0='../streaming_reconstruct_bsp//obj/HAL/src/crt0.o' -msys-lib=hal_bsp -L../streaming_reconstruct_bsp/   -Wl,-Map=streaming_reconstruct.map   -O0 -g -Wall   -mno-hw-div -mhw-mul -mno-hw-mulx -mgpopt=global  -o streaming_reconstruct.elf obj/default/main.o -lm -msys-lib=m
nios2-elf-insert streaming_reconstruct.elf --thread_model hal --cpu_name nios2_qsys --qsys true --simulation_enabled false --id 0 --sidp 0x81078 --timestamp 1749582316 --stderr_dev jtag_uart --stdin_dev jtag_uart --stdout_dev jtag_uart --sopc_system_name DE10_NANO_QSYS --quartus_project_dir "D:/year4/fyp/ADC" --jdi D:/year4/fyp/ADC/software/streaming_reconstruct_bsp/../../DE10_NANO_ADC.jdi --sopcinfo D:/year4/fyp/ADC/software/streaming_reconstruct_bsp/../../DE10_NANO_QSYS.sopcinfo
Info: (streaming_reconstruct.elf) 95 KBytes program size (code + initialized data).
Info:                             53 KBytes free for stack + heap.
Info: Creating streaming_reconstruct.objdump
nios2-elf-objdump --disassemble --syms --all-header --source streaming_reconstruct.elf >streaming_reconstruct.objdump
[streaming_reconstruct build complete]
17:15:59 **** Incremental Build of configuration Nios II for project streaming_reconstruct ****
make all 
Info: Building ../streaming_reconstruct_bsp/
D:/quartus18.1/nios2eds/bin/gnu/H-x86_64-mingw32/bin/make --no-print-directory -C ../streaming_reconstruct_bsp/
[BSP build complete]
Info: Compiling main.c to obj/default/main.o
nios2-elf-gcc -xc -MP -MMD -c -I../streaming_reconstruct_bsp//HAL/inc -I../streaming_reconstruct_bsp/ -I../streaming_reconstruct_bsp//drivers/inc  -pipe -D__hal__ -DALT_NO_INSTRUCTION_EMULATION -DALT_SINGLE_THREADED    -O0 -g -Wall   -mno-hw-div -mhw-mul -mno-hw-mulx -mgpopt=global  -o obj/default/main.o main.c
main.c: In function 'send_to_PCF':
main.c:486:16: warning: format '%d' expects argument of type 'int', but argument 2 has type 'ALT_AVALON_I2C_STATUS_CODE {aka long unsigned int}' [-Wformat=]
         printf("Error: I2C write to DAC failed with status code: %d\n", status);
                ^
main.c:486:16: warning: format '%d' expects argument of type 'int', but argument 2 has type 'ALT_AVALON_I2C_STATUS_CODE {aka long unsigned int}' [-Wformat=]
main.c: At top level:
main.c:539:6: warning: return type of 'main' is not 'int' [-Wmain]
 void main(void){
      ^
main.c: In function 'main':
main.c:572:20: warning: unused variable 'reconstructed_val' [-Wunused-variable]
  float signal_val, reconstructed_val=0;
                    ^
main.c:572:8: warning: unused variable 'signal_val' [-Wunused-variable]
  float signal_val, reconstructed_val=0;
        ^
main.c:570:20: warning: unused variable 'nIndex' [-Wunused-variable]
  int i, ADC_value, nIndex=0;
                    ^
main.c:542:6: warning: unused variable 'sample_written' [-Wunused-variable]
  int sample_written=0;
      ^
main.c:541:6: warning: unused variable 'sample_max' [-Wunused-variable]
  int sample_max=10000;
      ^
Info: Linking streaming_reconstruct.elf
nios2-elf-g++  -T'../streaming_reconstruct_bsp//linker.x' -msys-crt0='../streaming_reconstruct_bsp//obj/HAL/src/crt0.o' -msys-lib=hal_bsp -L../streaming_reconstruct_bsp/   -Wl,-Map=streaming_reconstruct.map   -O0 -g -Wall   -mno-hw-div -mhw-mul -mno-hw-mulx -mgpopt=global  -o streaming_reconstruct.elf obj/default/main.o -lm -msys-lib=m
nios2-elf-insert streaming_reconstruct.elf --thread_model hal --cpu_name nios2_qsys --qsys true --simulation_enabled false --id 0 --sidp 0x81078 --timestamp 1749582316 --stderr_dev jtag_uart --stdin_dev jtag_uart --stdout_dev jtag_uart --sopc_system_name DE10_NANO_QSYS --quartus_project_dir "D:/year4/fyp/ADC" --jdi D:/year4/fyp/ADC/software/streaming_reconstruct_bsp/../../DE10_NANO_ADC.jdi --sopcinfo D:/year4/fyp/ADC/software/streaming_reconstruct_bsp/../../DE10_NANO_QSYS.sopcinfo
Info: (streaming_reconstruct.elf) 95 KBytes program size (code + initialized data).
Info:                             53 KBytes free for stack + heap.
Info: Creating streaming_reconstruct.objdump
nios2-elf-objdump --disassemble --syms --all-header --source streaming_reconstruct.elf >streaming_reconstruct.objdump
[streaming_reconstruct build complete]
17:17:11 **** Incremental Build of configuration Nios II for project streaming_reconstruct ****
make all 
Info: Building ../streaming_reconstruct_bsp/
D:/quartus18.1/nios2eds/bin/gnu/H-x86_64-mingw32/bin/make --no-print-directory -C ../streaming_reconstruct_bsp/
[BSP build complete]
Info: Compiling main.c to obj/default/main.o
nios2-elf-gcc -xc -MP -MMD -c -I../streaming_reconstruct_bsp//HAL/inc -I../streaming_reconstruct_bsp/ -I../streaming_reconstruct_bsp//drivers/inc  -pipe -D__hal__ -DALT_NO_INSTRUCTION_EMULATION -DALT_SINGLE_THREADED    -O0 -g -Wall   -mno-hw-div -mhw-mul -mno-hw-mulx -mgpopt=global  -o obj/default/main.o main.c
main.c: In function 'send_to_PCF':
main.c:486:16: warning: format '%d' expects argument of type 'int', but argument 2 has type 'ALT_AVALON_I2C_STATUS_CODE {aka long unsigned int}' [-Wformat=]
         printf("Error: I2C write to DAC failed with status code: %d\n", status);
                ^
main.c:486:16: warning: format '%d' expects argument of type 'int', but argument 2 has type 'ALT_AVALON_I2C_STATUS_CODE {aka long unsigned int}' [-Wformat=]
main.c: At top level:
main.c:539:6: warning: return type of 'main' is not 'int' [-Wmain]
 void main(void){
      ^
main.c: In function 'main':
main.c:572:20: warning: unused variable 'reconstructed_val' [-Wunused-variable]
  float signal_val, reconstructed_val=0;
                    ^
main.c:572:8: warning: unused variable 'signal_val' [-Wunused-variable]
  float signal_val, reconstructed_val=0;
        ^
main.c:570:20: warning: unused variable 'nIndex' [-Wunused-variable]
  int i, ADC_value, nIndex=0;
                    ^
Info: Linking streaming_reconstruct.elf
nios2-elf-g++  -T'../streaming_reconstruct_bsp//linker.x' -msys-crt0='../streaming_reconstruct_bsp//obj/HAL/src/crt0.o' -msys-lib=hal_bsp -L../streaming_reconstruct_bsp/   -Wl,-Map=streaming_reconstruct.map   -O0 -g -Wall   -mno-hw-div -mhw-mul -mno-hw-mulx -mgpopt=global  -o streaming_reconstruct.elf obj/default/main.o -lm -msys-lib=m
nios2-elf-insert streaming_reconstruct.elf --thread_model hal --cpu_name nios2_qsys --qsys true --simulation_enabled false --id 0 --sidp 0x81078 --timestamp 1749582316 --stderr_dev jtag_uart --stdin_dev jtag_uart --stdout_dev jtag_uart --sopc_system_name DE10_NANO_QSYS --quartus_project_dir "D:/year4/fyp/ADC" --jdi D:/year4/fyp/ADC/software/streaming_reconstruct_bsp/../../DE10_NANO_ADC.jdi --sopcinfo D:/year4/fyp/ADC/software/streaming_reconstruct_bsp/../../DE10_NANO_QSYS.sopcinfo
Info: (streaming_reconstruct.elf) 98 KBytes program size (code + initialized data).
Info:                             51 KBytes free for stack + heap.
Info: Creating streaming_reconstruct.objdump
nios2-elf-objdump --disassemble --syms --all-header --source streaming_reconstruct.elf >streaming_reconstruct.objdump
[streaming_reconstruct build complete]
17:30:22 **** Incremental Build of configuration Nios II for project streaming_reconstruct ****
make all 
Info: Building ../streaming_reconstruct_bsp/
D:/quartus18.1/nios2eds/bin/gnu/H-x86_64-mingw32/bin/make --no-print-directory -C ../streaming_reconstruct_bsp/
[BSP build complete]
[streaming_reconstruct build complete]
17:40:30 **** Incremental Build of configuration Nios II for project streaming_reconstruct ****
make all 
Info: Building ../streaming_reconstruct_bsp/
D:/quartus18.1/nios2eds/bin/gnu/H-x86_64-mingw32/bin/make --no-print-directory -C ../streaming_reconstruct_bsp/
[BSP build complete]
Info: Compiling main.c to obj/default/main.o
nios2-elf-gcc -xc -MP -MMD -c -I../streaming_reconstruct_bsp//HAL/inc -I../streaming_reconstruct_bsp/ -I../streaming_reconstruct_bsp//drivers/inc  -pipe -D__hal__ -DALT_NO_INSTRUCTION_EMULATION -DALT_SINGLE_THREADED    -O0 -g -Wall   -mno-hw-div -mhw-mul -mno-hw-mulx -mgpopt=global  -o obj/default/main.o main.c
main.c: In function 'send_to_PCF':
main.c:486:16: warning: format '%d' expects argument of type 'int', but argument 2 has type 'ALT_AVALON_I2C_STATUS_CODE {aka long unsigned int}' [-Wformat=]
         printf("Error: I2C write to DAC failed with status code: %d\n", status);
                ^
main.c:486:16: warning: format '%d' expects argument of type 'int', but argument 2 has type 'ALT_AVALON_I2C_STATUS_CODE {aka long unsigned int}' [-Wformat=]
main.c: At top level:
main.c:539:6: warning: return type of 'main' is not 'int' [-Wmain]
 void main(void){
      ^
main.c: In function 'main':
main.c:572:20: warning: unused variable 'reconstructed_val' [-Wunused-variable]
  float signal_val, reconstructed_val=0;
                    ^
main.c:572:8: warning: unused variable 'signal_val' [-Wunused-variable]
  float signal_val, reconstructed_val=0;
        ^
main.c:570:20: warning: unused variable 'nIndex' [-Wunused-variable]
  int i, ADC_value, nIndex=0;
                    ^
Info: Linking streaming_reconstruct.elf
nios2-elf-g++  -T'../streaming_reconstruct_bsp//linker.x' -msys-crt0='../streaming_reconstruct_bsp//obj/HAL/src/crt0.o' -msys-lib=hal_bsp -L../streaming_reconstruct_bsp/   -Wl,-Map=streaming_reconstruct.map   -O0 -g -Wall   -mno-hw-div -mhw-mul -mno-hw-mulx -mgpopt=global  -o streaming_reconstruct.elf obj/default/main.o -lm -msys-lib=m
nios2-elf-insert streaming_reconstruct.elf --thread_model hal --cpu_name nios2_qsys --qsys true --simulation_enabled false --id 0 --sidp 0x81078 --timestamp 1749582316 --stderr_dev jtag_uart --stdin_dev jtag_uart --stdout_dev jtag_uart --sopc_system_name DE10_NANO_QSYS --quartus_project_dir "D:/year4/fyp/ADC" --jdi D:/year4/fyp/ADC/software/streaming_reconstruct_bsp/../../DE10_NANO_ADC.jdi --sopcinfo D:/year4/fyp/ADC/software/streaming_reconstruct_bsp/../../DE10_NANO_QSYS.sopcinfo
Info: (streaming_reconstruct.elf) 98 KBytes program size (code + initialized data).
Info:                             51 KBytes free for stack + heap.
Info: Creating streaming_reconstruct.objdump
nios2-elf-objdump --disassemble --syms --all-header --source streaming_reconstruct.elf >streaming_reconstruct.objdump
[streaming_reconstruct build complete]
17:42:24 **** Incremental Build of configuration Nios II for project streaming_reconstruct ****
make all 
Info: Building ../streaming_reconstruct_bsp/
D:/quartus18.1/nios2eds/bin/gnu/H-x86_64-mingw32/bin/make --no-print-directory -C ../streaming_reconstruct_bsp/
[BSP build complete]
[streaming_reconstruct build complete]
17:55:37 **** Incremental Build of configuration Nios II for project streaming_reconstruct ****
make all 
Info: Building ../streaming_reconstruct_bsp/
D:/quartus18.1/nios2eds/bin/gnu/H-x86_64-mingw32/bin/make --no-print-directory -C ../streaming_reconstruct_bsp/
[BSP build complete]
[streaming_reconstruct build complete]
